/*C6*/SET SCHEMA PUBLIC
CREATE TABLE if not exists ESTADO(ID INT NOT NULL IDENTITY, NOME VARCHAR(255) NOT NULL UNIQUE, SIGLA CHAR(2) NOT NULL UNIQUE, STATUS CHAR(1) DEFAULT 'A' NOT NULL)
CREATE TABLE if not exists CIDADE(ID INT NOT NULL IDENTITY, NOME VARCHAR(255) NOT NULL UNIQUE, IDESTADO INTEGER NOT NULL)
CREATE TABLE if not exists PESSOA(ID INT NOT NULL IDENTITY, NOME VARCHAR(255) NOT NULL UNIQUE, RG VARCHAR(255) NOT NULL , CPF VARCHAR(255) NOT NULL, IDCIDADE INTEGER NOT NULL)
DISCONNECT
/*C9*/SET SCHEMA PUBLIC
INSERT INTO PESSOA VALUES(29,'LUUUUUIIIIIISSSS',20,'12312312334','123456879')
COMMIT
DISCONNECT
/*C12*/SET SCHEMA PUBLIC
DELETE FROM PESSOA WHERE ID=28
COMMIT
DISCONNECT
/*C15*/SET SCHEMA PUBLIC
DELETE FROM PESSOA WHERE ID=26
COMMIT
DISCONNECT
/*C18*/SET SCHEMA PUBLIC
DELETE FROM PESSOA WHERE ID=23
COMMIT
DISCONNECT
/*C21*/SET SCHEMA PUBLIC
DELETE FROM PESSOA WHERE ID=24
COMMIT
DISCONNECT
/*C24*/SET SCHEMA PUBLIC
DELETE FROM PESSOA WHERE ID=22
COMMIT
DISCONNECT
/*C27*/SET SCHEMA PUBLIC
DELETE FROM PESSOA WHERE ID=19
COMMIT
DISCONNECT
/*C30*/SET SCHEMA PUBLIC
DELETE FROM PESSOA WHERE ID=18
COMMIT
DISCONNECT
/*C33*/SET SCHEMA PUBLIC
DELETE FROM PESSOA WHERE ID=17
COMMIT
DISCONNECT
